2023-03-27 10:59:58,315 [Worker-1: Loading available Gradle versions] INFO  o.e.b.c.i.u.g.PublishedGradleVersions - Gradle version information cache is up-to-date. Trying to read.
2023-03-27 11:00:36,235 [Worker-2: Loading available Gradle versions] INFO  o.e.b.c.i.u.g.PublishedGradleVersions - Gradle version information cache is up-to-date. Trying to read.
2023-03-27 11:01:03,975 [Worker-2: Importing Maven projects] INFO  o.e.m.c.i.l.LifecycleMappingFactory - Using org.eclipse.m2e.jdt.JarLifecycleMapping lifecycle mapping for MavenProject: com.store.admin:storeManagementAdmin:0.0.1-SNAPSHOT @ C:\Users\SanchTri\OneDrive - Capgemini\Desktop\Store Management\employee-store-admin\pom.xml.
2023-03-27 11:01:08,993 [Worker-2: Importing Maven projects] INFO  o.e.m.j.i.AbstractJavaProjectConfigurator - Adding source folder /employee-store-admin/src/main/java
2023-03-27 11:01:08,995 [Worker-2: Importing Maven projects] INFO  o.e.m.j.i.AbstractJavaProjectConfigurator - Adding resource folder /employee-store-admin/src/main/resources
2023-03-27 11:01:08,997 [Worker-2: Importing Maven projects] INFO  o.e.m.j.i.AbstractJavaProjectConfigurator - Adding resource folder /employee-store-admin/src/main/resources
2023-03-27 11:01:09,000 [Worker-2: Importing Maven projects] INFO  o.e.m.j.i.AbstractJavaProjectConfigurator - Adding source folder /employee-store-admin/src/test/java
2023-03-27 11:01:11,042 [Worker-2: Importing Maven projects] INFO  o.e.m.c.i.p.ProjectConfigurationManager - Imported and configured 1 project(s) in 10 sec
2023-03-27 11:01:16,716 [Worker-5: Building] INFO  o.a.m.s.f.DefaultMavenResourcesFiltering - Copying 1 resource
2023-03-27 11:01:16,756 [Worker-5: Building] INFO  o.a.m.s.f.DefaultMavenResourcesFiltering - Copying 0 resource
2023-03-27 11:01:16,764 [Worker-5: Building] INFO  o.a.m.s.f.DefaultMavenResourcesFiltering - skip non existing resourceDirectory C:\Users\SanchTri\OneDrive - Capgemini\Desktop\Store Management\employee-store-admin\src\test\resources
2023-03-27 11:01:44,593 [Worker-5: Importing Maven projects] INFO  o.e.m.c.i.l.LifecycleMappingFactory - Using org.eclipse.m2e.jdt.JarLifecycleMapping lifecycle mapping for MavenProject: com.store:storeManagement:0.0.1-SNAPSHOT @ C:\Users\SanchTri\OneDrive - Capgemini\Desktop\Store Management\storeEmployee\pom.xml.
2023-03-27 11:01:46,630 [Worker-5: Importing Maven projects] INFO  o.e.m.j.i.AbstractJavaProjectConfigurator - Adding source folder /storeEmployee/src/main/java
2023-03-27 11:01:46,631 [Worker-5: Importing Maven projects] INFO  o.e.m.j.i.AbstractJavaProjectConfigurator - Adding resource folder /storeEmployee/src/main/resources
2023-03-27 11:01:46,632 [Worker-5: Importing Maven projects] INFO  o.e.m.j.i.AbstractJavaProjectConfigurator - Adding resource folder /storeEmployee/src/main/resources
2023-03-27 11:01:46,634 [Worker-5: Importing Maven projects] INFO  o.e.m.j.i.AbstractJavaProjectConfigurator - Adding source folder /storeEmployee/src/test/java
2023-03-27 11:01:47,687 [Worker-5: Importing Maven projects] INFO  o.e.m.c.i.p.ProjectConfigurationManager - Imported and configured 1 project(s) in 3 sec
2023-03-27 11:01:49,509 [Worker-6: Building] INFO  o.a.m.s.f.DefaultMavenResourcesFiltering - Copying 1 resource
2023-03-27 11:01:49,518 [Worker-6: Building] INFO  o.a.m.s.f.DefaultMavenResourcesFiltering - Copying 0 resource
2023-03-27 11:01:49,526 [Worker-6: Building] INFO  o.a.m.s.f.DefaultMavenResourcesFiltering - skip non existing resourceDirectory C:\Users\SanchTri\OneDrive - Capgemini\Desktop\Store Management\storeEmployee\src\test\resources
2023-03-27 11:02:05,190 [Worker-0: Importing Maven projects] INFO  o.e.m.c.i.l.LifecycleMappingFactory - Using org.eclipse.m2e.jdt.JarLifecycleMapping lifecycle mapping for MavenProject: com.store.login:storeManagementAdmin:0.0.1-SNAPSHOT @ C:\Users\SanchTri\OneDrive - Capgemini\Desktop\Store Management\employee-store-login\pom.xml.
2023-03-27 11:02:08,169 [Worker-0: Importing Maven projects] INFO  o.e.m.j.i.AbstractJavaProjectConfigurator - Adding source folder /employee-store-login/src/main/java
2023-03-27 11:02:08,169 [Worker-0: Importing Maven projects] INFO  o.e.m.j.i.AbstractJavaProjectConfigurator - Adding resource folder /employee-store-login/src/main/resources
2023-03-27 11:02:08,170 [Worker-0: Importing Maven projects] INFO  o.e.m.j.i.AbstractJavaProjectConfigurator - Adding resource folder /employee-store-login/src/main/resources
2023-03-27 11:02:08,171 [Worker-0: Importing Maven projects] INFO  o.e.m.j.i.AbstractJavaProjectConfigurator - Adding source folder /employee-store-login/src/test/java
2023-03-27 11:02:09,022 [Worker-0: Importing Maven projects] INFO  o.e.m.c.i.p.ProjectConfigurationManager - Imported and configured 1 project(s) in 4 sec
2023-03-27 11:02:10,004 [Worker-7: Building] INFO  o.e.m.c.i.embedder.EclipseLogger - Using 'UTF-8' encoding to copy filtered resources.
2023-03-27 11:02:10,005 [Worker-7: Building] INFO  o.e.m.c.i.embedder.EclipseLogger - Using 'UTF-8' encoding to copy filtered properties files.
2023-03-27 11:02:10,007 [Worker-7: Building] INFO  o.e.m.c.i.embedder.EclipseLogger - Copying 1 resource
2023-03-27 11:02:10,035 [Worker-7: Building] INFO  o.e.m.c.i.embedder.EclipseLogger - Copying 0 resource
2023-03-27 11:02:10,044 [Worker-7: Building] INFO  o.e.m.c.i.embedder.EclipseLogger - Using 'UTF-8' encoding to copy filtered resources.
2023-03-27 11:02:10,045 [Worker-7: Building] INFO  o.e.m.c.i.embedder.EclipseLogger - Using 'UTF-8' encoding to copy filtered properties files.
2023-03-27 11:02:10,045 [Worker-7: Building] INFO  o.e.m.c.i.embedder.EclipseLogger - skip non existing resourceDirectory C:\Users\SanchTri\OneDrive - Capgemini\Desktop\Store Management\employee-store-login\src\test\resources
2023-03-27 11:02:28,877 [Worker-1: Importing Maven projects] INFO  o.e.m.c.i.l.LifecycleMappingFactory - Using org.eclipse.m2e.jdt.JarLifecycleMapping lifecycle mapping for MavenProject: com.store.inventory:storeManagementInventory:0.0.1-SNAPSHOT @ C:\Users\SanchTri\OneDrive - Capgemini\Desktop\Store Management\employee-store-inventory\pom.xml.
2023-03-27 11:02:30,028 [Worker-1: Importing Maven projects] INFO  o.e.m.j.i.AbstractJavaProjectConfigurator - Adding source folder /employee-store-inventory/src/main/java
2023-03-27 11:02:30,029 [Worker-1: Importing Maven projects] INFO  o.e.m.j.i.AbstractJavaProjectConfigurator - Adding resource folder /employee-store-inventory/src/main/resources
2023-03-27 11:02:30,029 [Worker-1: Importing Maven projects] INFO  o.e.m.j.i.AbstractJavaProjectConfigurator - Adding resource folder /employee-store-inventory/src/main/resources
2023-03-27 11:02:30,031 [Worker-1: Importing Maven projects] INFO  o.e.m.j.i.AbstractJavaProjectConfigurator - Adding source folder /employee-store-inventory/src/test/java
2023-03-27 11:02:30,556 [Worker-1: Importing Maven projects] INFO  o.e.m.c.i.p.ProjectConfigurationManager - Imported and configured 1 project(s) in 2 sec
2023-03-27 11:02:31,355 [Worker-1: Building] INFO  o.a.m.s.f.DefaultMavenResourcesFiltering - Copying 1 resource
2023-03-27 11:02:31,361 [Worker-1: Building] INFO  o.a.m.s.f.DefaultMavenResourcesFiltering - Copying 0 resource
2023-03-27 11:02:31,373 [Worker-1: Building] INFO  o.a.m.s.f.DefaultMavenResourcesFiltering - skip non existing resourceDirectory C:\Users\SanchTri\OneDrive - Capgemini\Desktop\Store Management\employee-store-inventory\src\test\resources
2023-03-27 11:03:36,678 [Worker-9: Importing Maven projects] INFO  o.e.m.c.i.l.LifecycleMappingFactory - Using org.eclipse.m2e.jdt.JarLifecycleMapping lifecycle mapping for MavenProject: com.store.gateway:storeManagementGateway:0.0.1-SNAPSHOT @ C:\Users\SanchTri\OneDrive - Capgemini\Desktop\Store Management\employee-store-gateway\pom.xml.
2023-03-27 11:03:37,941 [Worker-9: Importing Maven projects] INFO  o.e.m.j.i.AbstractJavaProjectConfigurator - Adding source folder /employee-store-gateway/src/main/java
2023-03-27 11:03:37,941 [Worker-9: Importing Maven projects] INFO  o.e.m.j.i.AbstractJavaProjectConfigurator - Adding resource folder /employee-store-gateway/src/main/resources
2023-03-27 11:03:37,942 [Worker-9: Importing Maven projects] INFO  o.e.m.j.i.AbstractJavaProjectConfigurator - Adding resource folder /employee-store-gateway/src/main/resources
2023-03-27 11:03:37,943 [Worker-9: Importing Maven projects] INFO  o.e.m.j.i.AbstractJavaProjectConfigurator - Adding source folder /employee-store-gateway/src/test/java
2023-03-27 11:03:39,054 [Worker-9: Importing Maven projects] INFO  o.e.m.c.i.p.ProjectConfigurationManager - Imported and configured 1 project(s) in 2 sec
2023-03-27 11:03:39,631 [Worker-8: Building] INFO  o.a.m.s.f.DefaultMavenResourcesFiltering - Copying 1 resource
2023-03-27 11:03:39,636 [Worker-8: Building] INFO  o.a.m.s.f.DefaultMavenResourcesFiltering - Copying 0 resource
2023-03-27 11:03:39,643 [Worker-8: Building] INFO  o.a.m.s.f.DefaultMavenResourcesFiltering - skip non existing resourceDirectory C:\Users\SanchTri\OneDrive - Capgemini\Desktop\Store Management\employee-store-gateway\src\test\resources
2023-03-27 11:03:59,724 [Worker-8: Importing Maven projects] INFO  o.e.m.c.i.l.LifecycleMappingFactory - Using org.eclipse.m2e.jdt.JarLifecycleMapping lifecycle mapping for MavenProject: com.store:storeManagementServer:0.0.1-SNAPSHOT @ C:\Users\SanchTri\OneDrive - Capgemini\Desktop\Store Management\employee-store-server\pom.xml.
2023-03-27 11:04:00,796 [Worker-8: Importing Maven projects] INFO  o.e.m.j.i.AbstractJavaProjectConfigurator - Adding source folder /employee-store-server/src/main/java
2023-03-27 11:04:00,796 [Worker-8: Importing Maven projects] INFO  o.e.m.j.i.AbstractJavaProjectConfigurator - Adding resource folder /employee-store-server/src/main/resources
2023-03-27 11:04:00,797 [Worker-8: Importing Maven projects] INFO  o.e.m.j.i.AbstractJavaProjectConfigurator - Adding resource folder /employee-store-server/src/main/resources
2023-03-27 11:04:00,797 [Worker-8: Importing Maven projects] INFO  o.e.m.j.i.AbstractJavaProjectConfigurator - Adding source folder /employee-store-server/src/test/java
2023-03-27 11:04:01,680 [Worker-8: Importing Maven projects] INFO  o.e.m.c.i.p.ProjectConfigurationManager - Imported and configured 1 project(s) in 2 sec
2023-03-27 11:04:02,064 [Worker-1: Building] INFO  o.a.m.s.f.DefaultMavenResourcesFiltering - Copying 1 resource
2023-03-27 11:04:02,068 [Worker-1: Building] INFO  o.a.m.s.f.DefaultMavenResourcesFiltering - Copying 0 resource
2023-03-27 11:04:02,075 [Worker-1: Building] INFO  o.a.m.s.f.DefaultMavenResourcesFiltering - skip non existing resourceDirectory C:\Users\SanchTri\OneDrive - Capgemini\Desktop\Store Management\employee-store-server\src\test\resources
2023-04-03 13:44:47,254 [Worker-2: Loading available Gradle versions] INFO  o.e.b.c.i.u.g.PublishedGradleVersions - Gradle version information cache is up-to-date. Trying to read.
2023-04-03 13:52:23,761 [Worker-14: Building] INFO  o.e.m.c.i.l.LifecycleMappingFactory - Using org.eclipse.m2e.jdt.JarLifecycleMapping lifecycle mapping for MavenProject: com.store.admin:storeManagementAdmin:0.0.1-SNAPSHOT @ C:\Users\SanchTri\OneDrive - Capgemini\Desktop\Store Management\employee-store-admin\pom.xml.
2023-04-03 13:52:25,097 [Worker-14: Building] INFO  o.a.m.s.f.DefaultMavenResourcesFiltering - Copying 1 resource
2023-04-03 13:52:25,111 [Worker-14: Building] INFO  o.a.m.s.f.DefaultMavenResourcesFiltering - Copying 0 resource
2023-04-03 13:52:25,116 [Worker-14: Building] INFO  o.a.m.s.f.DefaultMavenResourcesFiltering - skip non existing resourceDirectory C:\Users\SanchTri\OneDrive - Capgemini\Desktop\Store Management\employee-store-admin\src\test\resources
2023-04-03 13:52:26,925 [Worker-16: Building] INFO  o.a.m.s.f.DefaultMavenResourcesFiltering - Copying 1 resource
2023-04-03 13:52:26,936 [Worker-16: Building] INFO  o.a.m.s.f.DefaultMavenResourcesFiltering - Copying 0 resource
2023-04-03 13:52:26,941 [Worker-16: Building] INFO  o.a.m.s.f.DefaultMavenResourcesFiltering - skip non existing resourceDirectory C:\Users\SanchTri\OneDrive - Capgemini\Desktop\Store Management\employee-store-admin\src\test\resources
2023-04-03 13:53:17,463 [Worker-15: Building] INFO  o.e.m.c.i.l.LifecycleMappingFactory - Using org.eclipse.m2e.jdt.JarLifecycleMapping lifecycle mapping for MavenProject: com.store.admin:storeManagementAdmin:0.0.1-SNAPSHOT @ C:\Users\SanchTri\OneDrive - Capgemini\Desktop\Store Management\employee-store-admin\pom.xml.
2023-04-03 13:53:18,652 [Worker-15: Building] INFO  o.a.m.s.f.DefaultMavenResourcesFiltering - Copying 0 resource
2023-04-03 13:53:18,653 [Worker-15: Building] INFO  o.a.m.s.f.DefaultMavenResourcesFiltering - Copying 0 resource
2023-04-03 13:53:18,658 [Worker-15: Building] INFO  o.a.m.s.f.DefaultMavenResourcesFiltering - skip non existing resourceDirectory C:\Users\SanchTri\OneDrive - Capgemini\Desktop\Store Management\employee-store-admin\src\test\resources
